# JRE version: Java(TM) SE Runtime Environment (8.0_231-b11) (build 1.8.0_231-b11)
# Java VM: Java HotSpot(TM) 64-Bit Server VM (25.231-b11 mixed mode windows-amd64 compressed oops)
Heap:
 PSYoungGen      total 261632K, used 1299K [0x00000000d5d00000, 0x00000000ec900000, 0x0000000100000000)
  eden space 242176K, 0% used [0x00000000d5d00000,0x00000000d5d00000,0x00000000e4980000)
  from space 19456K, 6% used [0x00000000e4980000,0x00000000e4ac4ce0,0x00000000e5c80000)
  to   space 19968K, 0% used [0x00000000eb580000,0x00000000eb580000,0x00000000ec900000)
 ParOldGen       total 91136K, used 40766K [0x0000000081600000, 0x0000000086f00000, 0x00000000d5d00000)
  object space 91136K, 44% used [0x0000000081600000,0x0000000083dcfb20,0x0000000086f00000)
 Metaspace       used 57003K, capacity 58960K, committed 59160K, reserved 1101824K
  class space    used 7370K, capacity 7728K, committed 7848K, reserved 1048576K
GC Heap History (10 events):
Event: 9.241 GC heap after
Heap after GC invocations=11 (full 2):
 PSYoungGen      total 160768K, used 12060K [0x00000000d5d00000, 0x00000000e3300000, 0x0000000100000000)
  eden space 147456K, 0% used [0x00000000d5d00000,0x00000000d5d00000,0x00000000ded00000)
  from space 13312K, 90% used [0x00000000ded00000,0x00000000df8c7148,0x00000000dfa00000)
  to   space 14336K, 0% used [0x00000000e2500000,0x00000000e2500000,0x00000000e3300000)
 ParOldGen       total 91136K, used 16158K [0x0000000081600000, 0x0000000086f00000, 0x00000000d5d00000)
  object space 91136K, 17% used [0x0000000081600000,0x00000000825c7990,0x0000000086f00000)
 Metaspace       used 45561K, capacity 46954K, committed 47400K, reserved 1091584K
  class space    used 5785K, capacity 6091K, committed 6184K, reserved 1048576K
}
Event: 10.633 GC heap before
{Heap before GC invocations=12 (full 2):
 PSYoungGen      total 160768K, used 159516K [0x00000000d5d00000, 0x00000000e3300000, 0x0000000100000000)
  eden space 147456K, 100% used [0x00000000d5d00000,0x00000000ded00000,0x00000000ded00000)
  from space 13312K, 90% used [0x00000000ded00000,0x00000000df8c7148,0x00000000dfa00000)
  to   space 14336K, 0% used [0x00000000e2500000,0x00000000e2500000,0x00000000e3300000)
 ParOldGen       total 91136K, used 16158K [0x0000000081600000, 0x0000000086f00000, 0x00000000d5d00000)
  object space 91136K, 17% used [0x0000000081600000,0x00000000825c7990,0x0000000086f00000)
 Metaspace       used 49980K, capacity 51474K, committed 51752K, reserved 1093632K
  class space    used 6301K, capacity 6605K, committed 6696K, reserved 1048576K
Event: 10.650 GC heap after
Heap after GC invocations=12 (full 2):
 PSYoungGen      total 203264K, used 14309K [0x00000000d5d00000, 0x00000000e3480000, 0x0000000100000000)
  eden space 188928K, 0% used [0x00000000d5d00000,0x00000000d5d00000,0x00000000e1580000)
  from space 14336K, 99% used [0x00000000e2500000,0x00000000e32f9728,0x00000000e3300000)
  to   space 15872K, 0% used [0x00000000e1580000,0x00000000e1580000,0x00000000e2500000)
 ParOldGen       total 91136K, used 16317K [0x0000000081600000, 0x0000000086f00000, 0x00000000d5d00000)
  object space 91136K, 17% used [0x0000000081600000,0x00000000825ef7b0,0x0000000086f00000)
 Metaspace       used 49980K, capacity 51474K, committed 51752K, reserved 1093632K
  class space    used 6301K, capacity 6605K, committed 6696K, reserved 1048576K
}
Event: 12.776 GC heap before
{Heap before GC invocations=13 (full 2):
 PSYoungGen      total 203264K, used 203237K [0x00000000d5d00000, 0x00000000e3480000, 0x0000000100000000)
  eden space 188928K, 100% used [0x00000000d5d00000,0x00000000e1580000,0x00000000e1580000)
  from space 14336K, 99% used [0x00000000e2500000,0x00000000e32f9728,0x00000000e3300000)
  to   space 15872K, 0% used [0x00000000e1580000,0x00000000e1580000,0x00000000e2500000)
 ParOldGen       total 91136K, used 16317K [0x0000000081600000, 0x0000000086f00000, 0x00000000d5d00000)
  object space 91136K, 17% used [0x0000000081600000,0x00000000825ef7b0,0x0000000086f00000)
 Metaspace       used 53194K, capacity 54910K, committed 55080K, reserved 1097728K
  class space    used 6792K, capacity 7115K, committed 7208K, reserved 1048576K
Event: 12.813 GC heap after
Heap after GC invocations=13 (full 2):
 PSYoungGen      total 204800K, used 15856K [0x00000000d5d00000, 0x00000000e6e80000, 0x0000000100000000)
  eden space 188928K, 0% used [0x00000000d5d00000,0x00000000d5d00000,0x00000000e1580000)
  from space 15872K, 99% used [0x00000000e1580000,0x00000000e24fc1a8,0x00000000e2500000)
  to   space 18432K, 0% used [0x00000000e5c80000,0x00000000e5c80000,0x00000000e6e80000)
 ParOldGen       total 91136K, used 18979K [0x0000000081600000, 0x0000000086f00000, 0x00000000d5d00000)
  object space 91136K, 20% used [0x0000000081600000,0x0000000082888c28,0x0000000086f00000)
 Metaspace       used 53194K, capacity 54910K, committed 55080K, reserved 1097728K
  class space    used 6792K, capacity 7115K, committed 7208K, reserved 1048576K
}
Event: 14.745 GC heap before
{Heap before GC invocations=14 (full 2):
 PSYoungGen      total 204800K, used 204784K [0x00000000d5d00000, 0x00000000e6e80000, 0x0000000100000000)
  eden space 188928K, 100% used [0x00000000d5d00000,0x00000000e1580000,0x00000000e1580000)
  from space 15872K, 99% used [0x00000000e1580000,0x00000000e24fc1a8,0x00000000e2500000)
  to   space 18432K, 0% used [0x00000000e5c80000,0x00000000e5c80000,0x00000000e6e80000)
 ParOldGen       total 91136K, used 18979K [0x0000000081600000, 0x0000000086f00000, 0x00000000d5d00000)
  object space 91136K, 20% used [0x0000000081600000,0x0000000082888c28,0x0000000086f00000)
 Metaspace       used 55977K, capacity 57994K, committed 58152K, reserved 1099776K
  class space    used 7222K, capacity 7599K, committed 7720K, reserved 1048576K
Event: 14.858 GC heap after
Heap after GC invocations=14 (full 2):
 PSYoungGen      total 260608K, used 14243K [0x00000000d5d00000, 0x00000000e7e00000, 0x0000000100000000)
  eden space 242176K, 0% used [0x00000000d5d00000,0x00000000d5d00000,0x00000000e4980000)
  from space 18432K, 77% used [0x00000000e5c80000,0x00000000e6a68f18,0x00000000e6e80000)
  to   space 19456K, 0% used [0x00000000e4980000,0x00000000e4980000,0x00000000e5c80000)
 ParOldGen       total 91136K, used 28964K [0x0000000081600000, 0x0000000086f00000, 0x00000000d5d00000)
  object space 91136K, 31% used [0x0000000081600000,0x0000000083249188,0x0000000086f00000)
 Metaspace       used 55977K, capacity 57994K, committed 58152K, reserved 1099776K
  class space    used 7222K, capacity 7599K, committed 7720K, reserved 1048576K
}
Event: 15.419 GC heap before
{Heap before GC invocations=15 (full 2):
 PSYoungGen      total 260608K, used 33155K [0x00000000d5d00000, 0x00000000e7e00000, 0x0000000100000000)
  eden space 242176K, 7% used [0x00000000d5d00000,0x00000000d6f77e48,0x00000000e4980000)
  from space 18432K, 77% used [0x00000000e5c80000,0x00000000e6a68f18,0x00000000e6e80000)
  to   space 19456K, 0% used [0x00000000e4980000,0x00000000e4980000,0x00000000e5c80000)
 ParOldGen       total 91136K, used 28964K [0x0000000081600000, 0x0000000086f00000, 0x00000000d5d00000)
  object space 91136K, 31% used [0x0000000081600000,0x0000000083249188,0x0000000086f00000)
 Metaspace       used 57003K, capacity 58960K, committed 59160K, reserved 1101824K
  class space    used 7370K, capacity 7728K, committed 7848K, reserved 1048576K
Event: 15.441 GC heap after
Heap after GC invocations=15 (full 2):
 PSYoungGen      total 261632K, used 1299K [0x00000000d5d00000, 0x00000000ec900000, 0x0000000100000000)
  eden space 242176K, 0% used [0x00000000d5d00000,0x00000000d5d00000,0x00000000e4980000)
  from space 19456K, 6% used [0x00000000e4980000,0x00000000e4ac4ce0,0x00000000e5c80000)
  to   space 19968K, 0% used [0x00000000eb580000,0x00000000eb580000,0x00000000ec900000)
 ParOldGen       total 91136K, used 40766K [0x0000000081600000, 0x0000000086f00000, 0x00000000d5d00000)
  object space 91136K, 44% used [0x0000000081600000,0x0000000083dcfb20,0x0000000086f00000)
 Metaspace       used 57003K, capacity 58960K, committed 59160K, reserved 1101824K
  class space    used 7370K, capacity 7728K, committed 7848K, reserved 1048576K
}
Event: 15.441 GC heap before
{Heap before GC invocations=16 (full 3):
 PSYoungGen      total 261632K, used 1299K [0x00000000d5d00000, 0x00000000ec900000, 0x0000000100000000)
  eden space 242176K, 0% used [0x00000000d5d00000,0x00000000d5d00000,0x00000000e4980000)
  from space 19456K, 6% used [0x00000000e4980000,0x00000000e4ac4ce0,0x00000000e5c80000)
  to   space 19968K, 0% used [0x00000000eb580000,0x00000000eb580000,0x00000000ec900000)
 ParOldGen       total 91136K, used 40766K [0x0000000081600000, 0x0000000086f00000, 0x00000000d5d00000)
  object space 91136K, 44% used [0x0000000081600000,0x0000000083dcfb20,0x0000000086f00000)
 Metaspace       used 57003K, capacity 58960K, committed 59160K, reserved 1101824K
  class space    used 7370K, capacity 7728K, committed 7848K, reserved 1048576K

